2020-09-10 15:50:32,435:DEBUG:Starting new HTTPS connection (1): www.itjobswatch.co.uk:443
2020-09-10 15:50:32,940:DEBUG:https://www.itjobswatch.co.uk:443 "GET / HTTP/1.1" 200 None
2020-09-10 15:50:33,006:DEBUG:Changing event name from creating-client-class.iot-data to creating-client-class.iot-data-plane
2020-09-10 15:50:33,008:DEBUG:Changing event name from before-call.apigateway to before-call.api-gateway
2020-09-10 15:50:33,008:DEBUG:Changing event name from request-created.machinelearning.Predict to request-created.machine-learning.Predict
2020-09-10 15:50:33,010:DEBUG:Changing event name from before-parameter-build.autoscaling.CreateLaunchConfiguration to before-parameter-build.auto-scaling.CreateLaunchConfiguration
2020-09-10 15:50:33,010:DEBUG:Changing event name from before-parameter-build.route53 to before-parameter-build.route-53
2020-09-10 15:50:33,011:DEBUG:Changing event name from request-created.cloudsearchdomain.Search to request-created.cloudsearch-domain.Search
2020-09-10 15:50:33,012:DEBUG:Changing event name from docs.*.autoscaling.CreateLaunchConfiguration.complete-section to docs.*.auto-scaling.CreateLaunchConfiguration.complete-section
2020-09-10 15:50:33,014:DEBUG:Changing event name from before-parameter-build.logs.CreateExportTask to before-parameter-build.cloudwatch-logs.CreateExportTask
2020-09-10 15:50:33,015:DEBUG:Changing event name from docs.*.logs.CreateExportTask.complete-section to docs.*.cloudwatch-logs.CreateExportTask.complete-section
2020-09-10 15:50:33,015:DEBUG:Changing event name from before-parameter-build.cloudsearchdomain.Search to before-parameter-build.cloudsearch-domain.Search
2020-09-10 15:50:33,015:DEBUG:Changing event name from docs.*.cloudsearchdomain.Search.complete-section to docs.*.cloudsearch-domain.Search.complete-section
2020-09-10 15:50:33,030:DEBUG:Loading JSON file: C:\Users\aosbo\Code\Final-Project-Backend\venv\lib\site-packages\botocore\data\endpoints.json
2020-09-10 15:50:33,035:DEBUG:Event choose-service-name: calling handler <function handle_service_name_alias at 0x0359EDA8>
2020-09-10 15:50:33,232:DEBUG:Loading JSON file: C:\Users\aosbo\Code\Final-Project-Backend\venv\lib\site-packages\botocore\data\s3\2006-03-01\service-2.json
2020-09-10 15:50:33,241:DEBUG:Event creating-client-class.s3: calling handler <function add_generate_presigned_post at 0x03572580>
2020-09-10 15:50:33,241:DEBUG:Event creating-client-class.s3: calling handler <function lazy_call.<locals>._handler at 0x0329CA90>
2020-09-10 15:50:33,293:DEBUG:Event creating-client-class.s3: calling handler <function add_generate_presigned_url at 0x03572460>
2020-09-10 15:50:33,297:DEBUG:Setting s3 timeout as (60, 60)
2020-09-10 15:50:33,299:DEBUG:Loading JSON file: C:\Users\aosbo\Code\Final-Project-Backend\venv\lib\site-packages\botocore\data\_retry.json
2020-09-10 15:50:33,299:DEBUG:Registering retry handlers for service: s3
2020-09-10 15:50:33,301:DEBUG:Acquiring 0
2020-09-10 15:50:33,302:DEBUG:UploadSubmissionTask(transfer_id=0, {'transfer_future': <s3transfer.futures.TransferFuture object at 0x03DCFAF0>}) about to wait for the following futures []
2020-09-10 15:50:33,302:DEBUG:UploadSubmissionTask(transfer_id=0, {'transfer_future': <s3transfer.futures.TransferFuture object at 0x03DCFAF0>}) done waiting for dependent futures
2020-09-10 15:50:33,302:DEBUG:Executing task UploadSubmissionTask(transfer_id=0, {'transfer_future': <s3transfer.futures.TransferFuture object at 0x03DCFAF0>}) with kwargs {'client': <botocore.client.S3 object at 0x03CC6448>, 'config': <boto3.s3.transfer.TransferConfig object at 0x03DCF340>, 'osutil': <s3transfer.utils.OSUtils object at 0x03DCF358>, 'request_executor': <s3transfer.futures.BoundedExecutor object at 0x03DCF4A8>, 'transfer_future': <s3transfer.futures.TransferFuture object at 0x03DCFAF0>}
2020-09-10 15:50:33,302:DEBUG:Submitting task PutObjectTask(transfer_id=0, {'bucket': 'andrew-mvc-with-itjobs', 'key': 'ItJobsWatchTop30.csv', 'extra_args': {}}) to executor <s3transfer.futures.BoundedExecutor object at 0x03DCF4A8> for transfer request: 0.
2020-09-10 15:50:33,302:DEBUG:Acquiring 0
2020-09-10 15:50:33,303:DEBUG:PutObjectTask(transfer_id=0, {'bucket': 'andrew-mvc-with-itjobs', 'key': 'ItJobsWatchTop30.csv', 'extra_args': {}}) about to wait for the following futures []
2020-09-10 15:50:33,303:DEBUG:Releasing acquire 0/None
2020-09-10 15:50:33,303:DEBUG:PutObjectTask(transfer_id=0, {'bucket': 'andrew-mvc-with-itjobs', 'key': 'ItJobsWatchTop30.csv', 'extra_args': {}}) done waiting for dependent futures
2020-09-10 15:50:33,303:DEBUG:Executing task PutObjectTask(transfer_id=0, {'bucket': 'andrew-mvc-with-itjobs', 'key': 'ItJobsWatchTop30.csv', 'extra_args': {}}) with kwargs {'client': <botocore.client.S3 object at 0x03CC6448>, 'fileobj': <s3transfer.utils.ReadFileChunk object at 0x03DCFE08>, 'bucket': 'andrew-mvc-with-itjobs', 'key': 'ItJobsWatchTop30.csv', 'extra_args': {}}
2020-09-10 15:50:33,303:DEBUG:Event before-parameter-build.s3.PutObject: calling handler <function validate_ascii_metadata at 0x035C7610>
2020-09-10 15:50:33,304:DEBUG:Event before-parameter-build.s3.PutObject: calling handler <function sse_md5 at 0x035C7028>
2020-09-10 15:50:33,304:DEBUG:Event before-parameter-build.s3.PutObject: calling handler <function convert_body_to_file_like_object at 0x035C7A90>
2020-09-10 15:50:33,304:DEBUG:Event before-parameter-build.s3.PutObject: calling handler <function validate_bucket_name at 0x035BFFA0>
2020-09-10 15:50:33,304:DEBUG:Event before-parameter-build.s3.PutObject: calling handler <bound method S3RegionRedirector.redirect_from_cache of <botocore.utils.S3RegionRedirector object at 0x03DCF250>>
2020-09-10 15:50:33,304:DEBUG:Event before-parameter-build.s3.PutObject: calling handler <bound method S3ArnParamHandler.handle_arn of <botocore.utils.S3ArnParamHandler object at 0x03DCF2B0>>
2020-09-10 15:50:33,304:DEBUG:Event before-parameter-build.s3.PutObject: calling handler <function generate_idempotent_uuid at 0x035BFEC8>
2020-09-10 15:50:33,304:DEBUG:Event before-call.s3.PutObject: calling handler <function conditionally_calculate_md5 at 0x034C1388>
2020-09-10 15:50:33,305:DEBUG:Event before-call.s3.PutObject: calling handler <function add_expect_header at 0x035C7190>
2020-09-10 15:50:33,305:DEBUG:Adding expect 100 continue header to request.
2020-09-10 15:50:33,305:DEBUG:Event before-call.s3.PutObject: calling handler <bound method S3RegionRedirector.set_request_url of <botocore.utils.S3RegionRedirector object at 0x03DCF250>>
2020-09-10 15:50:33,305:DEBUG:Event before-call.s3.PutObject: calling handler <function inject_api_version_header_if_needed at 0x035C7B20>
2020-09-10 15:50:33,305:DEBUG:Making request for OperationModel(name=PutObject) with params: {'url_path': '/andrew-mvc-with-itjobs/ItJobsWatchTop30.csv', 'query_string': {}, 'method': 'PUT', 'headers': {'User-Agent': 'Boto3/1.14.53 Python/3.8.4 Windows/10 Botocore/1.17.54', 'Content-MD5': 'D81qIuTuqT7naGgI8I/Y3A==', 'Expect': '100-continue'}, 'body': <s3transfer.utils.ReadFileChunk object at 0x03DCFE08>, 'url': 'https://s3.amazonaws.com/andrew-mvc-with-itjobs/ItJobsWatchTop30.csv', 'context': {'client_region': 'us-east-1', 'client_config': <botocore.config.Config object at 0x03CC64C0>, 'has_streaming_input': True, 'auth_type': None, 'signing': {'bucket': 'andrew-mvc-with-itjobs'}}}
2020-09-10 15:50:33,306:DEBUG:Event request-created.s3.PutObject: calling handler <function signal_not_transferring at 0x03D70A90>
2020-09-10 15:50:33,306:DEBUG:Event request-created.s3.PutObject: calling handler <bound method RequestSigner.handler of <botocore.signers.RequestSigner object at 0x03CC6460>>
2020-09-10 15:50:33,306:DEBUG:Event choose-signer.s3.PutObject: calling handler <bound method ClientCreator._default_s3_presign_to_sigv2 of <botocore.client.ClientCreator object at 0x0369B400>>
2020-09-10 15:50:33,306:DEBUG:Event choose-signer.s3.PutObject: calling handler <function set_operation_specific_signer at 0x035BFE38>
2020-09-10 15:50:33,306:DEBUG:Event before-sign.s3.PutObject: calling handler <bound method S3EndpointSetter.set_endpoint of <botocore.utils.S3EndpointSetter object at 0x03DCF2F8>>
2020-09-10 15:50:33,306:DEBUG:Defaulting to S3 virtual host style addressing with path style addressing fallback.
2020-09-10 15:50:33,306:DEBUG:Checking for DNS compatible bucket for: https://s3.amazonaws.com/andrew-mvc-with-itjobs/ItJobsWatchTop30.csv
2020-09-10 15:50:33,307:DEBUG:URI updated to: https://andrew-mvc-with-itjobs.s3.amazonaws.com/ItJobsWatchTop30.csv
2020-09-10 15:50:33,307:DEBUG:Calculating signature using v4 auth.
2020-09-10 15:50:33,307:DEBUG:CanonicalRequest:
PUT
/ItJobsWatchTop30.csv

content-md5:D81qIuTuqT7naGgI8I/Y3A==
host:andrew-mvc-with-itjobs.s3.amazonaws.com
x-amz-content-sha256:UNSIGNED-PAYLOAD
x-amz-date:20200910T145033Z

content-md5;host;x-amz-content-sha256;x-amz-date
UNSIGNED-PAYLOAD
2020-09-10 15:50:33,307:DEBUG:StringToSign:
AWS4-HMAC-SHA256
20200910T145033Z
20200910/us-east-1/s3/aws4_request
0434e7b72ec5049981e0f37c558ec3dcb5c4c801b60556a3d402ce4f772d184c
2020-09-10 15:50:33,307:DEBUG:Signature:
7e526b0d917186edb391e7591fd7edef67935fa4fc30e6903b3d94b48f2e2bdf
2020-09-10 15:50:33,307:DEBUG:Event request-created.s3.PutObject: calling handler <function signal_transferring at 0x03D70AD8>
2020-09-10 15:50:33,307:DEBUG:Sending http request: <AWSPreparedRequest stream_output=False, method=PUT, url=https://andrew-mvc-with-itjobs.s3.amazonaws.com/ItJobsWatchTop30.csv, headers={'User-Agent': b'Boto3/1.14.53 Python/3.8.4 Windows/10 Botocore/1.17.54', 'Content-MD5': b'D81qIuTuqT7naGgI8I/Y3A==', 'Expect': b'100-continue', 'X-Amz-Date': b'20200910T145033Z', 'X-Amz-Content-SHA256': b'UNSIGNED-PAYLOAD', 'Authorization': b'AWS4-HMAC-SHA256 Credential=AKIAUJPAK5PJINMU2BF2/20200910/us-east-1/s3/aws4_request, SignedHeaders=content-md5;host;x-amz-content-sha256;x-amz-date, Signature=7e526b0d917186edb391e7591fd7edef67935fa4fc30e6903b3d94b48f2e2bdf', 'Content-Length': '1917'}>
2020-09-10 15:50:33,308:DEBUG:Starting new HTTPS connection (1): andrew-mvc-with-itjobs.s3.amazonaws.com:443
2020-09-10 15:50:33,974:DEBUG:Waiting for 100 Continue response.
2020-09-10 15:50:34,252:DEBUG:Received a non 100 Continue response from the server, NOT sending request body.
2020-09-10 15:50:34,252:DEBUG:https://andrew-mvc-with-itjobs.s3.amazonaws.com:443 "PUT /ItJobsWatchTop30.csv HTTP/1.1" 400 None
2020-09-10 15:50:34,253:DEBUG:Response headers: {'x-amz-request-id': '4M6K1VCX2JAHFG4W', 'x-amz-id-2': 'Qz91Pr9+wSQjhtFE2t/WfB6LVbG+dzf9p6bhWrCnYrv7dgEEbksqZwt3rqcALpLrWM6p3zeyXAs=', 'Content-Type': 'application/xml', 'Transfer-Encoding': 'chunked', 'Date': 'Thu, 10 Sep 2020 14:50:38 GMT', 'Connection': 'close', 'Server': 'AmazonS3'}
2020-09-10 15:50:34,254:DEBUG:Response body:
b'<?xml version="1.0" encoding="UTF-8"?>\n<Error><Code>AuthorizationHeaderMalformed</Code><Message>The authorization header is malformed; the region \'us-east-1\' is wrong; expecting \'eu-west-1\'</Message><Region>eu-west-1</Region><RequestId>4M6K1VCX2JAHFG4W</RequestId><HostId>Qz91Pr9+wSQjhtFE2t/WfB6LVbG+dzf9p6bhWrCnYrv7dgEEbksqZwt3rqcALpLrWM6p3zeyXAs=</HostId></Error>'
2020-09-10 15:50:34,257:DEBUG:Event needs-retry.s3.PutObject: calling handler <botocore.retryhandler.RetryHandler object at 0x03DCF220>
2020-09-10 15:50:34,257:DEBUG:No retry needed.
2020-09-10 15:50:34,257:DEBUG:Event needs-retry.s3.PutObject: calling handler <bound method S3RegionRedirector.redirect_from_error of <botocore.utils.S3RegionRedirector object at 0x03DCF250>>
2020-09-10 15:50:34,257:DEBUG:S3 client configured for region us-east-1 but the bucket andrew-mvc-with-itjobs is in region eu-west-1; Please configure the proper region to avoid multiple unnecessary redirects and signing attempts.
2020-09-10 15:50:34,257:DEBUG:Updating URI from https://s3.amazonaws.com/andrew-mvc-with-itjobs/ItJobsWatchTop30.csv to https://s3.eu-west-1.amazonaws.com/andrew-mvc-with-itjobs/ItJobsWatchTop30.csv
2020-09-10 15:50:34,257:DEBUG:Response received to retry, sleeping for 0 seconds
2020-09-10 15:50:34,257:DEBUG:Rewinding stream: <s3transfer.utils.ReadFileChunk object at 0x03DCFE08>
2020-09-10 15:50:34,257:DEBUG:Event request-created.s3.PutObject: calling handler <function signal_not_transferring at 0x03D70A90>
2020-09-10 15:50:34,258:DEBUG:Event request-created.s3.PutObject: calling handler <bound method RequestSigner.handler of <botocore.signers.RequestSigner object at 0x03CC6460>>
2020-09-10 15:50:34,258:DEBUG:Event choose-signer.s3.PutObject: calling handler <bound method ClientCreator._default_s3_presign_to_sigv2 of <botocore.client.ClientCreator object at 0x0369B400>>
2020-09-10 15:50:34,258:DEBUG:Event choose-signer.s3.PutObject: calling handler <function set_operation_specific_signer at 0x035BFE38>
2020-09-10 15:50:34,258:DEBUG:Event before-sign.s3.PutObject: calling handler <bound method S3EndpointSetter.set_endpoint of <botocore.utils.S3EndpointSetter object at 0x03DCF2F8>>
2020-09-10 15:50:34,258:DEBUG:Checking for DNS compatible bucket for: https://s3.eu-west-1.amazonaws.com/andrew-mvc-with-itjobs/ItJobsWatchTop30.csv
2020-09-10 15:50:34,258:DEBUG:URI updated to: https://andrew-mvc-with-itjobs.s3.eu-west-1.amazonaws.com/ItJobsWatchTop30.csv
2020-09-10 15:50:34,258:DEBUG:Calculating signature using v4 auth.
2020-09-10 15:50:34,258:DEBUG:CanonicalRequest:
PUT
/ItJobsWatchTop30.csv

content-md5:D81qIuTuqT7naGgI8I/Y3A==
host:andrew-mvc-with-itjobs.s3.eu-west-1.amazonaws.com
x-amz-content-sha256:UNSIGNED-PAYLOAD
x-amz-date:20200910T145034Z

content-md5;host;x-amz-content-sha256;x-amz-date
UNSIGNED-PAYLOAD
2020-09-10 15:50:34,258:DEBUG:StringToSign:
AWS4-HMAC-SHA256
20200910T145034Z
20200910/eu-west-1/s3/aws4_request
22f1b0e7d0d33fefa72929ed9e7040acf87b5dacd13835e5cdd412fe642f93d7
2020-09-10 15:50:34,259:DEBUG:Signature:
f8857f157055e21a35ab1e6bbafe1657e2c7fc5ca241b3ab45ff9d0733457f79
2020-09-10 15:50:34,259:DEBUG:Event request-created.s3.PutObject: calling handler <function signal_transferring at 0x03D70AD8>
2020-09-10 15:50:34,259:DEBUG:Sending http request: <AWSPreparedRequest stream_output=False, method=PUT, url=https://andrew-mvc-with-itjobs.s3.eu-west-1.amazonaws.com/ItJobsWatchTop30.csv, headers={'User-Agent': b'Boto3/1.14.53 Python/3.8.4 Windows/10 Botocore/1.17.54', 'Content-MD5': b'D81qIuTuqT7naGgI8I/Y3A==', 'Expect': b'100-continue', 'X-Amz-Date': b'20200910T145034Z', 'X-Amz-Content-SHA256': b'UNSIGNED-PAYLOAD', 'Authorization': b'AWS4-HMAC-SHA256 Credential=AKIAUJPAK5PJINMU2BF2/20200910/eu-west-1/s3/aws4_request, SignedHeaders=content-md5;host;x-amz-content-sha256;x-amz-date, Signature=f8857f157055e21a35ab1e6bbafe1657e2c7fc5ca241b3ab45ff9d0733457f79', 'Content-Length': '1917'}>
2020-09-10 15:50:34,259:DEBUG:Starting new HTTPS connection (1): andrew-mvc-with-itjobs.s3.eu-west-1.amazonaws.com:443
2020-09-10 15:50:34,625:DEBUG:Waiting for 100 Continue response.
2020-09-10 15:50:34,905:DEBUG:100 Continue response seen, now sending request body.
2020-09-10 15:50:34,943:DEBUG:https://andrew-mvc-with-itjobs.s3.eu-west-1.amazonaws.com:443 "PUT /ItJobsWatchTop30.csv HTTP/1.1" 200 0
2020-09-10 15:50:34,943:DEBUG:Response headers: {'x-amz-id-2': '0xDaE5traPl5yzioKw6S3HhpmvXRgz9WD2pKQV6LN8G2YSw/QG8hoKn6jPwHBxso2SeyGuc5QRk=', 'x-amz-request-id': 'C21FE15EFD9B439A', 'Date': 'Thu, 10 Sep 2020 14:50:40 GMT', 'ETag': '"0fcd6a22e4eea93ee7686808f08fd8dc"', 'Content-Length': '0', 'Server': 'AmazonS3'}
2020-09-10 15:50:34,943:DEBUG:Response body:
b''
2020-09-10 15:50:34,944:DEBUG:Event needs-retry.s3.PutObject: calling handler <botocore.retryhandler.RetryHandler object at 0x03DCF220>
2020-09-10 15:50:34,944:DEBUG:No retry needed.
2020-09-10 15:50:34,944:DEBUG:Event needs-retry.s3.PutObject: calling handler <bound method S3RegionRedirector.redirect_from_error of <botocore.utils.S3RegionRedirector object at 0x03DCF250>>
2020-09-10 15:50:34,944:DEBUG:S3 request was previously redirected, not redirecting.
2020-09-10 15:50:34,945:DEBUG:Releasing acquire 0/None
2020-09-10 15:50:34,945:DEBUG:Your file has been successfully uploaded to an AWS bucket!
2020-09-10 15:55:13,357:INFO:Your file has been successfully uploaded to an AWS bucket!
2020-09-10 16:43:49,340:INFO:Your file has been successfully uploaded to an AWS bucket!
